<?xml version="1.0" encoding="UTF-8"?>
<testng-results skipped="0" failed="0" ignored="0" total="1" passed="1">
  <reporter-output>
  </reporter-output>
  <suite name="Suite" duration-ms="12026" started-at="2022-06-09T14:25:40 IST" finished-at="2022-06-09T14:25:52 IST">
    <groups>
    </groups>
    <test name="Test" duration-ms="12026" started-at="2022-06-09T14:25:40 IST" finished-at="2022-06-09T14:25:52 IST">
      <class name="com.page.GetUrl">
        <test-method status="PASS" signature="mains()[pri:0, instance:com.page.GetUrl@28d25987]" name="mains" duration-ms="11949" started-at="2022-06-09T14:25:40 IST" finished-at="2022-06-09T14:25:52 IST">
          <reporter-output>
          </reporter-output>
        </test-method> <!-- mains -->
      </class> <!-- com.page.GetUrl -->
    </test> <!-- Test -->
  </suite> <!-- Suite -->
</testng-results>
